0 info it worked if it ends with ok
1 verbose cli [ 'node', '/usr/local/bin/npm', 'publish', 'rebound' ]
2 info using npm@1.4.3
3 info using node@v0.10.26
4 verbose publish [ 'rebound' ]
5 verbose cache add [ 'rebound', null ]
6 verbose cache add name=undefined spec="rebound" args=["rebound",null]
7 verbose parsed url { protocol: null,
7 verbose parsed url   slashes: null,
7 verbose parsed url   auth: null,
7 verbose parsed url   host: null,
7 verbose parsed url   port: null,
7 verbose parsed url   hostname: null,
7 verbose parsed url   hash: null,
7 verbose parsed url   search: null,
7 verbose parsed url   query: null,
7 verbose parsed url   pathname: 'rebound',
7 verbose parsed url   path: 'rebound',
7 verbose parsed url   href: 'rebound' }
8 silly lockFile 9ffd1077-rebound rebound
9 verbose lock rebound /Users/wbailey/.npm/9ffd1077-rebound.lock
10 silly lockFile 9ffd1077-rebound rebound
11 silly lockFile 9ffd1077-rebound rebound
12 verbose addNamed [ 'rebound', '' ]
13 verbose addNamed [ null, '*' ]
14 silly lockFile 1b6dc845-rebound rebound@
15 verbose lock rebound@ /Users/wbailey/.npm/1b6dc845-rebound.lock
16 silly addNameRange { name: 'rebound', range: '*', hasData: false }
17 verbose url raw rebound
18 verbose url resolving [ 'https://registry.npmjs.org/', './rebound' ]
19 verbose url resolved https://registry.npmjs.org/rebound
20 info trying registry request attempt 1 at 23:21:20
21 verbose etag "7BI70DJGCF976UZNZ8C6SJQIM"
22 http GET https://registry.npmjs.org/rebound
23 http 304 https://registry.npmjs.org/rebound
24 silly registry.get cb [ 304,
24 silly registry.get   { date: 'Wed, 11 Mar 2015 06:21:20 GMT',
24 silly registry.get     server: 'Apache',
24 silly registry.get     via: '1.1 varnish',
24 silly registry.get     'last-modified': 'Wed, 11 Mar 2015 06:21:20 GMT',
24 silly registry.get     'cache-control': 'max-age=60',
24 silly registry.get     etag: '"7BI70DJGCF976UZNZ8C6SJQIM"',
24 silly registry.get     age: '0',
24 silly registry.get     'x-served-by': 'cache-lax1423-LAX',
24 silly registry.get     'x-cache': 'MISS',
24 silly registry.get     'x-cache-hits': '0',
24 silly registry.get     'x-timer': 'S1426054880.670438,VS0,VE184',
24 silly registry.get     vary: 'Accept',
24 silly registry.get     'content-length': '0',
24 silly registry.get     'keep-alive': 'timeout=10, max=50',
24 silly registry.get     connection: 'Keep-Alive' } ]
25 verbose etag rebound from cache
26 silly addNameRange number 2 { name: 'rebound', range: '*', hasData: true }
27 silly addNameRange versions [ 'rebound',
27 silly addNameRange   [ '0.0.1',
27 silly addNameRange     '0.0.2',
27 silly addNameRange     '0.0.3',
27 silly addNameRange     '0.0.4',
27 silly addNameRange     '0.0.5',
27 silly addNameRange     '0.0.6',
27 silly addNameRange     '0.0.7',
27 silly addNameRange     '0.0.8',
27 silly addNameRange     '0.0.9',
27 silly addNameRange     '0.0.10' ] ]
28 verbose addNamed [ 'rebound', '0.0.10' ]
29 verbose addNamed [ '0.0.10', '0.0.10' ]
30 silly lockFile 417fa20e-rebound-0-0-10 rebound@0.0.10
31 verbose lock rebound@0.0.10 /Users/wbailey/.npm/417fa20e-rebound-0-0-10.lock
32 silly lockFile 417fa20e-rebound-0-0-10 rebound@0.0.10
33 silly lockFile 417fa20e-rebound-0-0-10 rebound@0.0.10
34 silly lockFile 1b6dc845-rebound rebound@
35 silly lockFile 1b6dc845-rebound rebound@
36 silly publish { name: 'rebound',
36 silly publish   version: '0.0.10',
36 silly publish   description: 'A simple library for modeling spring dynamics',
36 silly publish   main: 'rebound.js',
36 silly publish   author: { name: 'Facebook' },
36 silly publish   license: 'BSD',
36 silly publish   dependencies: {},
36 silly publish   repository: { type: 'git', url: 'git@github.com:facebook/rebound-js.git' },
36 silly publish   bugs: { url: 'https://github.com/facebook/rebound-js/issues' },
36 silly publish   keywords: [ 'facebook', 'animation' ],
36 silly publish   scripts: { test: 'jasmine-node spec' },
36 silly publish   devDependencies: { 'jasmine-node': '^1.14.5' },
36 silly publish   readme: '[![Build\nStatus](https://travis-ci.org/facebook/rebound-js.svg?branch=master)](https://travis-ci.org/facebook/rebound-js)\n\n###REBOUND\n\nRebound is a simple library that models Spring dynamics for the purpose of\ndriving physical animations.\n\n###ORIGIN\n\nRebound was originally written in Java to provide a lightweight physics system\nfor Facebook Home and Chat Heads on Android. It’s now been adopted by several\nother Android applications. This JavaScript port was written to provide a quick\nway to demonstrate Rebound animations on the web for a conference talk. Since\nthen the JavaScript version has been used to build some really nice interfaces.\nCheck out [brandonwalkin.com](http://brandonwalkin.com) for an example.\n\n###OVERVIEW\n\nThe Library provides a SpringSystem for maintaining a set of Spring objects and\niterating those Springs through a physics solver loop until equilibrium is\nachieved. The Spring class is the basic animation driver provided by Rebound.\nBy attaching a listener to a Spring, you can observe its motion. The observer\nfunction is notified of position changes on the spring as it solves for\nequilibrium. These position updates can be mapped to an animation range to\ndrive animated property updates on your user interface elements (translation,\n    rotation, scale, etc).\n\nCheck out the [docco](http://facebook.github.io/rebound-js/docs/rebound.html),\n[tests](http://facebook.github.io/rebound-js/browser_test/index.html), and\n[examples](http://facebook.github.io/rebound-js/examples) for more details.\n',
36 silly publish   readmeFilename: 'README.md',
36 silly publish   homepage: 'https://github.com/facebook/rebound-js',
36 silly publish   _id: 'rebound@0.0.10',
36 silly publish   _from: 'rebound@' }
37 info prepublish rebound@0.0.10
38 verbose url raw rebound
39 verbose url resolving [ 'https://registry.npmjs.org/', './rebound' ]
40 verbose url resolved https://registry.npmjs.org/rebound
41 info trying registry request attempt 1 at 23:21:20
42 http PUT https://registry.npmjs.org/rebound
43 http 403 https://registry.npmjs.org/rebound
44 error publish Failed PUT 403
45 error Error: forbidden cannot modify pre-existing version: 0.0.10
45 error old={"name":"rebound","version":"0.0.10","description":"A simple library for modeling spring dynamics","main":"rebound.js","author":{"name":"Facebook"},"license":"BSD","dependencies":{},"repository":{"type":"git","url":"git@github.com:facebook/rebound-js.git"},"bugs":{"url":"https://github.com/facebook/rebound-js/issues"},"keywords":["facebook","animation"],"scripts":{"test":"jasmine-node spec"},"devDependencies":{"jasmine-node":"^1.14.5"},"homepage":"https://github.com/facebook/rebound-js","_id":"rebound@0.0.10","dist":{"shasum":"6050a9371569fe6b0bc14e78092fe6a70460fa8e","tarball":"http://registry.npmjs.org/rebound/-/rebound-0.0.10.tgz"},"_from":".","_npmVersion":"1.4.3","_npmUser":{"name":"wbailey","email":"will.bailey@gmail.com"},"maintainers":[{"name":"wbailey","email":"will.bailey@gmail.com"}]}
45 error new={"name":"rebound","version":"0.0.10","description":"A simple library for modeling spring dynamics","main":"rebound.js","author":{"name":"Facebook"},"license":"BSD","dependencies":{},"repository":{"type":"git","url":"git@github.com:facebook/rebound-js.git"},"bugs":{"url":"https://github.com/facebook/rebound-js/issues"},"keywords":["facebook","animation"],"scripts":{"test":"jasmine-node spec"},"devDependencies":{"jasmine-node":"^1.14.5"},"readme":"[![Build\u000aStatus](https://travis-ci.org/facebook/rebound-js.svg?branch=master)](https://travis-ci.org/facebook/rebound-js)\u000a\u000a###REBOUND\u000a\u000aRebound is a simple library that models Spring dynamics for the purpose of\u000adriving physical animations.\u000a\u000a###ORIGIN\u000a\u000aRebound was originally written in Java to provide a lightweight physics system\u000afor Facebook Home and Chat Heads on Android. It’s now been adopted by several\u000aother Android applications. This JavaScript port was written to provide a quick\u000away to demonstrate Rebound animations on the web for a conference talk. Since\u000athen the JavaScript version has been used to build some really nice interfaces.\u000aCheck out [brandonwalkin.com](http://brandonwalkin.com) for an example.\u000a\u000a###OVERVIEW\u000a\u000aThe Library provides a SpringSystem for maintaining a set of Spring objects and\u000aiterating those Springs through a physics solver loop until equilibrium is\u000aachieved. The Spring class is the basic animation driver provided by Rebound.\u000aBy attaching a listener to a Spring, you can observe its motion. The observer\u000afunction is notified of position changes on the spring as it solves for\u000aequilibrium. These position updates can be mapped to an animation range to\u000adrive animated property updates on your user interface elements (translation,\u000a    rotation, scale, etc).\u000a\u000aCheck out the [docco](http://facebook.github.io/rebound-js/docs/rebound.html),\u000a[tests](http://facebook.github.io/rebound-js/browser_test/index.html), and\u000a[examples](http://facebook.github.io/rebound-js/examples) for more details.\u000a","readmeFilename":"README.md","homepage":"https://github.com/facebook/rebound-js","_id":"rebound@0.0.10","_from":"rebound@","_npmVersion":"1.4.3","_npmUser":{"name":"wbailey","email":"will.bailey@gmail.com"},"maintainers":[{"name":"wbailey","email":"will.bailey@gmail.com"}],"dist":{"shasum":"7eb7df5555069db39b4d737bca6eeaebeebfe981","tarball":"http://registry.npmjs.org/rebound/-/rebound-0.0.10.tgz"}}: rebound
45 error     at RegClient.<anonymous> (/usr/local/lib/node_modules/npm/node_modules/npm-registry-client/lib/request.js:237:14)
45 error     at Request.self.callback (/usr/local/lib/node_modules/npm/node_modules/request/request.js:123:22)
45 error     at Request.EventEmitter.emit (events.js:98:17)
45 error     at Request.<anonymous> (/usr/local/lib/node_modules/npm/node_modules/request/request.js:893:14)
45 error     at Request.EventEmitter.emit (events.js:117:20)
45 error     at IncomingMessage.<anonymous> (/usr/local/lib/node_modules/npm/node_modules/request/request.js:844:12)
45 error     at IncomingMessage.EventEmitter.emit (events.js:117:20)
45 error     at _stream_readable.js:920:16
45 error     at process._tickCallback (node.js:415:13)
46 error If you need help, you may report this *entire* log,
46 error including the npm and node versions, at:
46 error     <http://github.com/npm/npm/issues>
47 error System Darwin 14.1.0
48 error command "node" "/usr/local/bin/npm" "publish" "rebound"
49 error cwd /Users/wbailey/workspace/rebound-js
50 error node -v v0.10.26
51 error npm -v 1.4.3
52 verbose exit [ 1, true ]
